<?xml version="1.0" encoding="UTF-8"?>
<!-- Generated by org.testng.reporters.JUnitXMLReporter -->
<testsuite ignored="0" hostname="VibhaSinghTheGreat" failures="1" tests="3" name="Gradle test" time="27.208" errors="0" timestamp="2024-09-02T16:25:03 IST">
  <testcase classname="org.example.LoginTests" name="verifyIncorrectCredentials" time="2.252"/>
  <testcase classname="org.example.LoginTests" name="verifyBlankCredentials" time="1.01">
    <failure type="java.lang.AssertionError" message="expected [Invalid credentials] but found [Required]">
      <![CDATA[java.lang.AssertionError: expected [Invalid credentials] but found [Required]
at org.example.LoginTests.verifyBlankCredentials(LoginTests.java:53)
at java.base/java.util.ArrayList.forEach(ArrayList.java:1511)
at jdk.proxy1/jdk.proxy1.$Proxy4.stop(Unknown Source)
... Removed 50 stack frames]]>
    </failure>
  </testcase> <!-- verifyBlankCredentials -->
  <testcase classname="org.example.LoginTests" name="verifyLoginPage" time="2.319"/>
</testsuite> <!-- Gradle test -->
