<?xml version="1.0" encoding="UTF-8"?>
<!-- Generated by org.testng.reporters.JUnitXMLReporter -->
<testsuite ignored="0" hostname="VibhaSinghTheGreat" failures="1" tests="3" name="Selenium Tests with TestNG" time="23.982" errors="0" timestamp="2024-09-02T16:16:23 IST">
  <testcase classname="org.example.LoginTests" name="verifyIncorrectCredentials" time="1.869"/>
  <testcase classname="org.example.LoginTests" name="verifyBlankCredentials" time="0.622">
    <failure type="java.lang.AssertionError" message="expected [Invalid credentials] but found [Required]">
      <![CDATA[java.lang.AssertionError: expected [Invalid credentials] but found [Required]
at org.example.LoginTests.verifyBlankCredentials(LoginTests.java:53)
at java.base/java.util.ArrayList.forEach(ArrayList.java:1511)
... Removed 33 stack frames]]>
    </failure>
  </testcase> <!-- verifyBlankCredentials -->
  <testcase classname="org.example.LoginTests" name="verifyLoginPage" time="2.041"/>
</testsuite> <!-- Selenium Tests with TestNG -->
